<?xml version="1.0" encoding="UTF-8"?>
<!-- Generated by org.testng.reporters.JUnitXMLReporter -->
<testsuite hostname="KH014104" ignored="0" name="TestNGPractical" tests="5" failures="0" timestamp="03 Oct 2019 13:13:20 GMT" time="28.409" errors="0">
  <testcase name="googleLogoTest" time="0.115" classname="com.sel.test.tetng.TestNGPracGoogleTest"/>
  <testcase name="googleTitleTest" time="0.007" classname="com.sel.test.tetng.TestNGPracGoogleTest"/>
  <testcase name="testcase1" time="0.001" classname="com.sel.test.tetng.TestNGPracGoogleTest"/>
  <testcase name="testcase2" time="0.002" classname="com.sel.test.tetng.TestNGPracGoogleTest"/>
  <testcase name="testcase3" time="0.002" classname="com.sel.test.tetng.TestNGPracGoogleTest"/>
</testsuite> <!-- TestNGPractical -->
