<?xml version="1.0" encoding="UTF-8"?>
<testng-results skipped="0" failed="0" ignored="0" total="5" passed="5">
  <reporter-output>
  </reporter-output>
  <suite name="TestNGSessionSuite" duration-ms="28409" started-at="2019-10-03T13:12:51Z" finished-at="2019-10-03T13:13:20Z">
    <groups>
      <group name="logo">
        <method signature="TestNGPracGoogleTest.googleLogoTest()[pri:1, instance:com.sel.test.tetng.TestNGPracGoogleTest@1877ab81]" name="googleLogoTest" class="com.sel.test.tetng.TestNGPracGoogleTest"/>
      </group> <!-- logo -->
      <group name="Title">
        <method signature="TestNGPracGoogleTest.googleTitleTest()[pri:2, instance:com.sel.test.tetng.TestNGPracGoogleTest@1877ab81]" name="googleTitleTest" class="com.sel.test.tetng.TestNGPracGoogleTest"/>
      </group> <!-- Title -->
      <group name="sample">
        <method signature="TestNGPracGoogleTest.testcase1()[pri:3, instance:com.sel.test.tetng.TestNGPracGoogleTest@1877ab81]" name="testcase1" class="com.sel.test.tetng.TestNGPracGoogleTest"/>
        <method signature="TestNGPracGoogleTest.testcase2()[pri:4, instance:com.sel.test.tetng.TestNGPracGoogleTest@1877ab81]" name="testcase2" class="com.sel.test.tetng.TestNGPracGoogleTest"/>
        <method signature="TestNGPracGoogleTest.testcase3()[pri:5, instance:com.sel.test.tetng.TestNGPracGoogleTest@1877ab81]" name="testcase3" class="com.sel.test.tetng.TestNGPracGoogleTest"/>
      </group> <!-- sample -->
    </groups>
    <test name="TestNGPractical" duration-ms="28409" started-at="2019-10-03T13:12:51Z" finished-at="2019-10-03T13:13:20Z">
      <class name="com.sel.test.tetng.TestNGPracGoogleTest">
        <test-method status="PASS" signature="setUp()[pri:0, instance:com.sel.test.tetng.TestNGPracGoogleTest@1877ab81]" name="setUp" is-config="true" duration-ms="5284" started-at="2019-10-03T13:12:51Z" finished-at="2019-10-03T13:12:56Z">
          <reporter-output>
          </reporter-output>
        </test-method> <!-- setUp -->
        <test-method status="PASS" signature="googleLogoTest()[pri:1, instance:com.sel.test.tetng.TestNGPracGoogleTest@1877ab81]" name="googleLogoTest" duration-ms="115" started-at="2019-10-03T13:12:56Z" finished-at="2019-10-03T13:12:57Z">
          <reporter-output>
          </reporter-output>
        </test-method> <!-- googleLogoTest -->
        <test-method status="PASS" signature="teardown()[pri:0, instance:com.sel.test.tetng.TestNGPracGoogleTest@1877ab81]" name="teardown" is-config="true" duration-ms="819" started-at="2019-10-03T13:12:57Z" finished-at="2019-10-03T13:12:57Z">
          <reporter-output>
          </reporter-output>
        </test-method> <!-- teardown -->
        <test-method status="PASS" signature="setUp()[pri:0, instance:com.sel.test.tetng.TestNGPracGoogleTest@1877ab81]" name="setUp" is-config="true" duration-ms="4926" started-at="2019-10-03T13:12:57Z" finished-at="2019-10-03T13:13:02Z">
          <reporter-output>
          </reporter-output>
        </test-method> <!-- setUp -->
        <test-method status="PASS" signature="googleTitleTest()[pri:2, instance:com.sel.test.tetng.TestNGPracGoogleTest@1877ab81]" name="googleTitleTest" duration-ms="7" started-at="2019-10-03T13:13:02Z" finished-at="2019-10-03T13:13:02Z">
          <reporter-output>
          </reporter-output>
        </test-method> <!-- googleTitleTest -->
        <test-method status="PASS" signature="teardown()[pri:0, instance:com.sel.test.tetng.TestNGPracGoogleTest@1877ab81]" name="teardown" is-config="true" duration-ms="695" started-at="2019-10-03T13:13:02Z" finished-at="2019-10-03T13:13:03Z">
          <reporter-output>
          </reporter-output>
        </test-method> <!-- teardown -->
        <test-method status="PASS" signature="setUp()[pri:0, instance:com.sel.test.tetng.TestNGPracGoogleTest@1877ab81]" name="setUp" is-config="true" duration-ms="4726" started-at="2019-10-03T13:13:03Z" finished-at="2019-10-03T13:13:08Z">
          <reporter-output>
          </reporter-output>
        </test-method> <!-- setUp -->
        <test-method status="PASS" signature="testcase1()[pri:3, instance:com.sel.test.tetng.TestNGPracGoogleTest@1877ab81]" name="testcase1" duration-ms="1" started-at="2019-10-03T13:13:08Z" finished-at="2019-10-03T13:13:08Z">
          <reporter-output>
          </reporter-output>
        </test-method> <!-- testcase1 -->
        <test-method status="PASS" signature="teardown()[pri:0, instance:com.sel.test.tetng.TestNGPracGoogleTest@1877ab81]" name="teardown" is-config="true" duration-ms="945" started-at="2019-10-03T13:13:08Z" finished-at="2019-10-03T13:13:09Z">
          <reporter-output>
          </reporter-output>
        </test-method> <!-- teardown -->
        <test-method status="PASS" signature="setUp()[pri:0, instance:com.sel.test.tetng.TestNGPracGoogleTest@1877ab81]" name="setUp" is-config="true" duration-ms="4806" started-at="2019-10-03T13:13:09Z" finished-at="2019-10-03T13:13:14Z">
          <reporter-output>
          </reporter-output>
        </test-method> <!-- setUp -->
        <test-method status="PASS" signature="testcase2()[pri:4, instance:com.sel.test.tetng.TestNGPracGoogleTest@1877ab81]" name="testcase2" duration-ms="2" started-at="2019-10-03T13:13:14Z" finished-at="2019-10-03T13:13:14Z">
          <reporter-output>
          </reporter-output>
        </test-method> <!-- testcase2 -->
        <test-method status="PASS" signature="teardown()[pri:0, instance:com.sel.test.tetng.TestNGPracGoogleTest@1877ab81]" name="teardown" is-config="true" duration-ms="744" started-at="2019-10-03T13:13:14Z" finished-at="2019-10-03T13:13:14Z">
          <reporter-output>
          </reporter-output>
        </test-method> <!-- teardown -->
        <test-method status="PASS" signature="setUp()[pri:0, instance:com.sel.test.tetng.TestNGPracGoogleTest@1877ab81]" name="setUp" is-config="true" duration-ms="4621" started-at="2019-10-03T13:13:14Z" finished-at="2019-10-03T13:13:19Z">
          <reporter-output>
          </reporter-output>
        </test-method> <!-- setUp -->
        <test-method status="PASS" signature="testcase3()[pri:5, instance:com.sel.test.tetng.TestNGPracGoogleTest@1877ab81]" name="testcase3" duration-ms="2" started-at="2019-10-03T13:13:19Z" finished-at="2019-10-03T13:13:19Z">
          <reporter-output>
          </reporter-output>
        </test-method> <!-- testcase3 -->
        <test-method status="PASS" signature="teardown()[pri:0, instance:com.sel.test.tetng.TestNGPracGoogleTest@1877ab81]" name="teardown" is-config="true" duration-ms="679" started-at="2019-10-03T13:13:19Z" finished-at="2019-10-03T13:13:20Z">
          <reporter-output>
          </reporter-output>
        </test-method> <!-- teardown -->
      </class> <!-- com.sel.test.tetng.TestNGPracGoogleTest -->
    </test> <!-- TestNGPractical -->
  </suite> <!-- TestNGSessionSuite -->
</testng-results>
